<?xml version="1.0" encoding="UTF-8"?>
<robot generator="Robot 4.1.3 (Python 3.8.0 on win32)" generated="20230428 14:58:56.057" rpa="false" schemaversion="2">
<suite id="s1" name="Batata" source="C:\Users\jacques.schmitz\Desktop\submodules\batata.robot">
<test id="s1-t1" name="Teste modulo A">
<kw name="Output do modulo A">
<kw name="Log To Console" library="BuiltIn">
<arg>batataaaa teste módulo A</arg>
<doc>Logs the given message to the console.</doc>
<status status="PASS" starttime="20230428 14:58:56.116" endtime="20230428 14:58:56.116"/>
</kw>
<status status="PASS" starttime="20230428 14:58:56.116" endtime="20230428 14:58:56.117"/>
</kw>
<status status="PASS" starttime="20230428 14:58:56.115" endtime="20230428 14:58:56.117"/>
</test>
<status status="PASS" starttime="20230428 14:58:56.065" endtime="20230428 14:58:56.119"/>
</suite>
<statistics>
<total>
<stat pass="1" fail="0" skip="0">All Tests</stat>
</total>
<tag>
</tag>
<suite>
<stat pass="1" fail="0" skip="0" id="s1" name="Batata">Batata</stat>
</suite>
</statistics>
<errors>
</errors>
</robot>
